make all --print-data-base --no-builtin-variables --no-builtin-rules --question
# GNU Make 4.3
# Built for x86_64-pc-linux-gnu
# Copyright (C) 1988-2020 Free Software Foundation, Inc.
# License GPLv3+: GNU GPL version 3 or later <http://gnu.org/licenses/gpl.html>
# This is free software: you are free to change and redistribute it.
# There is NO WARRANTY, to the extent permitted by law.

# Make data base, printed on Wed May 25 16:13:27 2022

# Variables

# environment
GDK_BACKEND = x11
# environment
LC_ALL = C
# environment
SSH_AGENT_LAUNCHER = openssh
# makefile (from 'Makefile', line 4)
EXT = .cpp
# environment
GJS_DEBUG_OUTPUT = stderr
# environment
VSCODE_IPC_HOOK_EXTHOST = /run/user/1000/vscode-ipc-d79befdc-ddd1-4da1-96ed-95bc56aaca29.sock
# makefile (from 'Makefile', line 23)
SRC_DIR = srcs
# makefile (from 'Makefile', line 10)
EXTRAFILE = 
# environment
VSCODE_CWD = /home/rmechety
# environment
GDM_LANG = en_US.UTF-8
# default
MAKE_COMMAND := make
# environment
QT_ACCESSIBILITY = 1
# automatic
@D = $(patsubst %/,%,$(dir $@))
# makefile (from 'Makefile', line 30)
OBJ_DIR = objs
# environment
VSCODE_HANDLES_UNCAUGHT_ERRORS = true
# default
.VARIABLES := 
# environment
PWD = /home/rmechety/work/Webserv
# makefile (from 'Makefile', line 8)
ADDEDT = 
# automatic
%D = $(patsubst %/,%,$(dir $%))
# automatic
^D = $(patsubst %/,%,$(dir $^))
# makefile (from 'Makefile', line 7)
ADDED = 
# environment
VSCODE_LOG_STACK = false
# automatic
%F = $(notdir $%)
# environment
VSCODE_CODE_CACHE_PATH = /home/rmechety/.config/Code/CachedData/dfd34e8260c270da74b5c2d86d61aee4b6d56977
# environment
LANG = C
# environment
XAUTHORITY = /run/user/1000/.mutter-Xwaylandauth.2VF9L1
# default
.LOADED := 
# default
.INCLUDE_DIRS = /usr/local/include /usr/include /usr/include
# makefile
MAKEFLAGS = pqrR
# makefile
CURDIR := /home/rmechety/work/Webserv
# makefile (from 'Makefile', line 20)
INC_DIR = includes
# environment
VSCODE_PIPE_LOGGING = true
# environment
APPLICATION_INSIGHTS_NO_DIAGNOSTIC_CHANNEL = 1
# makefile (from 'Makefile', line 27)
SRCS = $(SRCSS:$(SRC_DIR)/%$(EXT)=%$(EXT))
# automatic
*D = $(patsubst %/,%,$(dir $*))
# environment
MFLAGS = -pqrR
# environment
SSH_AUTH_SOCK = /run/user/1000/keyring/ssh
# default
.SHELLFLAGS := -c
# environment
WAYLAND_DISPLAY = wayland-0
# automatic
+D = $(patsubst %/,%,$(dir $+))
# environment
OMF_PATH = /home/rmechety/.local/share/omf
# environment
XDG_SESSION_DESKTOP = gnome
# makefile (from 'Makefile', line 1)
MAKEFILE_LIST := Makefile
# automatic
@F = $(notdir $@)
# environment
VSCODE_VERBOSE_LOGGING = true
# environment
VSCODE_PID = 1730
# environment
XDG_SESSION_TYPE = wayland
# automatic
?D = $(patsubst %/,%,$(dir $?))
# makefile (from 'Makefile', line 25)
SRCSS = srcs/main.cpp 
# environment
SESSION_MANAGER = local/minilap:@/tmp/.ICE-unix/1246,unix/minilap:/tmp/.ICE-unix/1246
# automatic
*F = $(notdir $*)
# environment
CHROME_DESKTOP = code-url-handler.desktop
# environment
DBUS_SESSION_BUS_ADDRESS = unix:path=/run/user/1000/bus
# automatic
<D = $(patsubst %/,%,$(dir $<))
# makefile (from 'Makefile', line 35)
OBJ_TO_CREATE = $(addprefix $(OBJ_DIR)/, $(OBJ_SUB_DIR))
# environment
VSCODE_NLS_CONFIG = {"locale":"en-us","availableLanguages":{},"_languagePackSupport":true}
# default
MAKE_HOST := x86_64-pc-linux-gnu
# makefile (from 'Makefile', line 37)
OBJS = $(addprefix $(OBJ_DIR)/, $(SRCS:%$(EXT)=%.o))
# environment
GNOME_DESKTOP_SESSION_ID = this-is-deprecated
# makefile
SHELL = /bin/sh
# default
MAKECMDGOALS := all
# environment
XMODIFIERS = @im=ibus
# environment
GJS_DEBUG_TOPICS = JS ERROR;JS LOG
# environment
SHLVL = 2
# environment
MAKELEVEL := 0
# default
MAKE = $(MAKE_COMMAND)
# environment
PATH = /usr/local/bin:/usr/bin:/bin:/usr/games
# default
MAKEFILES := 
# automatic
^F = $(notdir $^)
# environment
INVOCATION_ID = 21c7a67a88284df983dbc87b2e38dee8
# environment
VSCODE_LOG_NATIVE = false
# environment
USERNAME = rmechety
# environment
GNOME_SETUP_DISPLAY = :1
# automatic
?F = $(notdir $?)
# makefile (from 'Makefile', line 2)
NAME = webserv
# environment
XDG_CURRENT_DESKTOP = GNOME
# automatic
+F = $(notdir $+)
# environment
DESKTOP_SESSION = gnome
# environment
ORIGINAL_XDG_CURRENT_DESKTOP = GNOME
# makefile (from 'Makefile', line 5)
PARAM = ./config
# 'override' directive
GNUMAKEFLAGS := 
# environment
LOGNAME = rmechety
# environment
GIO_LAUNCHED_DESKTOP_FILE = /usr/share/applications/code.desktop
# makefile
.DEFAULT_GOAL := all
# environment
DISPLAY = :0
# environment
USER = rmechety
# environment
GTK_MODULES = gail:atk-bridge
# default
MAKE_VERSION := 4.3
# environment
MANAGERPID = 1113
# environment
GIO_LAUNCHED_DESKTOP_FILE_PID = 1730
# environment
XDG_RUNTIME_DIR = /run/user/1000
# makefile (from 'Makefile', line 16)
CFLAGS = -Wall -Wextra -Werror -std=c++98 $(ADDED) $(ADDEDT)
# makefile (from 'Makefile', line 32)
OBJ_SUB_DIR = exec parsing 
# environment
JOURNAL_STREAM = 8:23723
# environment
XDG_SESSION_CLASS = user
# environment
VSCODE_AMD_ENTRYPOINT = vs/workbench/api/node/extensionHostProcess
# environment
HOME = /home/rmechety
# environment
QT_IM_MODULE = ibus
# environment
ELECTRON_RUN_AS_NODE = 1
# environment
VSCODE_IPC_HOOK = /run/user/1000/vscode-634c6508-1.66.2-main.sock
# default
.RECIPEPREFIX := 
# automatic
<F = $(notdir $<)
# default
SUFFIXES := 
# default
.FEATURES := target-specific order-only second-expansion else-if shortest-stem undefine oneshell nocomment grouped-target extra-prereqs archives jobserver output-sync check-symlink load
# makefile (from 'Makefile', line 13)
CC = c++
# environment
XDG_MENU_PREFIX = gnome-
# environment
GDMSESSION = gnome
# environment
OMF_CONFIG = /home/rmechety/.config/omf
# variable set hash-table stats:
# Load=108/1024=11%, Rehash=0, Collisions=8/161=5%

# Pattern-specific Variable Values

# No pattern-specific variable values.

# Directories

# . (device 65028, inode 4851612): 11 files, no impossibilities.
# srcs (device 65028, inode 5246072): No files, no impossibilities so far.

# 11 files, no impossibilities in 2 directories.

# Implicit Rules

objs/%.o: srcs/%.cpp
#  recipe to execute (from 'Makefile', line 53):
	@$(CC) $(CFLAGS) -o $@ -c $< -I $(INC_DIR)

# 1 implicit rules, 0 (0.0%) terminal.
# Files

# Not a target:
Makefile:
#  Implicit rule search has been done.
#  Last modified 2022-05-24 16:06:39.343210805
#  File has been updated.
#  Successfully updated.

off: clean
#  Implicit rule search has not been done.
#  Modification time never checked.
#  File has not been updated.
#  recipe to execute (from 'Makefile', line 46):
	mkdir -p $(OBJ_TO_CREATE)
	make ADDED=-DNAMESPACE=std $(NAME) --no-print-directory

leaks: all
#  Phony target (prerequisite of .PHONY).
#  Implicit rule search has not been done.
#  File does not exist.
#  File has not been updated.
#  recipe to execute (from 'Makefile', line 88):
	 valgrind --tool=memcheck --leak-check=full --show-leak-kinds=all --leak-resolution=high --show-reachable=yes --trace-children=yes --verbose --log-file=valgrind.log ./$(NAME) $(PARAM)

clean:
#  Phony target (prerequisite of .PHONY).
#  Implicit rule search has not been done.
#  File does not exist.
#  File has not been updated.
#  recipe to execute (from 'Makefile', line 56):
	rm -rf $(OBJ_DIR)

 
webserv: objs/main.o
#  Implicit rule search has not been done.
#  Modification time never checked.
#  File has not been updated.
#  recipe to execute (from 'Makefile', line 50):
	@$(CC) $(CFLAGS) -o $(NAME) $(OBJS)

re: fclean all
#  Phony target (prerequisite of .PHONY).
#  Implicit rule search has not been done.
#  File does not exist.
#  File has not been updated.

header:
#  Phony target (prerequisite of .PHONY).
#  Implicit rule search has not been done.
#  File does not exist.
#  File has not been updated.
#  recipe to execute (from 'Makefile', line 94):
	@Headermaker $(SRC_DIR) $(INC_DIR)/prototypes.h -inc structs define

# Not a target:
objs/main.o:
#  Implicit rule search has not been done.
#  Modification time never checked.
#  File has not been updated.

git:
#  Phony target (prerequisite of .PHONY).
#  Implicit rule search has not been done.
#  File does not exist.
#  File has not been updated.
#  recipe to execute (from 'Makefile', line 70):
	git add --all
	git commit
	git push

# Not a target:
.DEFAULT:
#  Implicit rule search has not been done.
#  Modification time never checked.
#  File has not been updated.

get_src:
#  Phony target (prerequisite of .PHONY).
#  Implicit rule search has not been done.
#  File does not exist.
#  File has not been updated.
#  recipe to execute (from 'Makefile', line 75):
		@find $(SRC_DIR) -type f -name "*$(EXT)" | tr "\n" "|" | sed -r 's/["|"]+/\\ \n/g'

all:
#  Phony target (prerequisite of .PHONY).
#  Command line target.
#  Implicit rule search has not been done.
#  Implicit/static pattern stem: ''
#  File does not exist.
#  File has been updated.
#  Needs to be updated (-q is set).
# automatic
# @ := all
# automatic
# * := 
# automatic
# < := 
# automatic
# + := 
# automatic
# % := 
# automatic
# ^ := 
# automatic
# ? := 
# automatic
# | := 
# variable set hash-table stats:
# Load=8/32=25%, Rehash=0, Collisions=2/15=13%
#  recipe to execute (from 'Makefile', line 42):
	mkdir -p $(OBJ_TO_CREATE)
	make $(NAME) --no-print-directory

fclean: clean
#  Phony target (prerequisite of .PHONY).
#  Implicit rule search has not been done.
#  File does not exist.
#  File has not been updated.
#  recipe to execute (from 'Makefile', line 59):
	rm -f $(NAME)
	rm -rf $(EXTRAFILE)

run: all
#  Phony target (prerequisite of .PHONY).
#  Implicit rule search has not been done.
#  File does not exist.
#  File has not been updated.
#  recipe to execute (from 'Makefile', line 78):
	./$(NAME) $(PARAM)

test:
#  Implicit rule search has not been done.
#  Modification time never checked.
#  File has not been updated.
#  recipe to execute (from 'Makefile', line 81):
	make re
	./$(NAME) > ft
	make off
	./$(NAME) > std
	diff ft std > diff.log

get_dir:
#  Phony target (prerequisite of .PHONY).
#  Implicit rule search has not been done.
#  File does not exist.
#  File has not been updated.
#  recipe to execute (from 'Makefile', line 91):
		@find $(SRC_DIR) -type d | tr "\n" "|" | sed -r 's/["|"]+/\\ \n/g' | sed -e 's/$(SRC_DIR)\///g'

# Not a target:
.SUFFIXES:
#  Implicit rule search has not been done.
#  Modification time never checked.
#  File has not been updated.

.PHONY: all clean fclean re git get_src get_dir run leaks header
#  Implicit rule search has not been done.
#  Modification time never checked.
#  File has not been updated.

# files hash-table stats:
# Load=18/1024=2%, Rehash=0, Collisions=0/48=0%
# VPATH Search Paths

# No 'vpath' search paths.

# No general ('VPATH' variable) search path.

# strcache buffers: 1 (0) / strings = 31 / storage = 227 B / avg = 7 B
# current buf: size = 8162 B / used = 227 B / count = 31 / avg = 7 B

# strcache performance: lookups = 69 / hit rate = 55%
# hash-table stats:
# Load=31/8192=0%, Rehash=0, Collisions=0/69=0%
# Finished Make data base on Wed May 25 16:13:27 2022

 
